<?xml version="1.0" encoding="UTF-8"?>
<!-- Generated by org.testng.reporters.JUnitReportReporter -->
<testsuite hostname="Siranjeevi-Senthil" failures="0" tests="3" name="Testpractice1_maven.Testpractice1_maven.Test1" time="32.736" errors="0" timestamp="2024-01-27T12:47:29 IST" skipped="0">
  <testcase classname="Testpractice1_maven.Testpractice1_maven.Test1" name="submitordertest2" time="9.795"/>
  <testcase classname="Testpractice1_maven.Testpractice1_maven.Test1" name="submitordertest" time="9.292"/>
  <testcase classname="Testpractice1_maven.Testpractice1_maven.Test1" name="submitordertest" time="13.649"/>
</testsuite> <!-- Testpractice1_maven.Testpractice1_maven.Test1 -->
